[ 2017-11-28T08:25:24+08:00 ] 106.11.226.172 /
INFO: [ app_init ] --START--
INFO: Run Behavior\BuildLiteBehavior [ RunTime:0.000016s ]
INFO: [ app_init ] --END-- [ RunTime:0.000253s ]
INFO: [ app_begin ] --START--
INFO: Run Behavior\ReadHtmlCacheBehavior [ RunTime:0.000305s ]
INFO: [ app_begin ] --END-- [ RunTime:0.000368s ]

[ 2017-11-28T08:25:24+08:00 ] 106.11.226.182 /index.php/Home/Index/login.html
INFO: [ app_init ] --START--
INFO: Run Behavior\BuildLiteBehavior [ RunTime:0.000014s ]
INFO: [ app_init ] --END-- [ RunTime:0.000248s ]
INFO: [ app_begin ] --START--
INFO: Run Behavior\ReadHtmlCacheBehavior [ RunTime:0.000302s ]
INFO: [ app_begin ] --END-- [ RunTime:0.000370s ]
NOTIC: [2048] Accessing static property Gateway::$registerAddress as non static /usr/share/nginx/html/workmen/Application/Home/Controller/IndexController.class.php 第 11 行.
INFO: [ view_parse ] --START--
INFO: [ template_filter ] --START--
INFO: Run Behavior\ContentReplaceBehavior [ RunTime:0.000042s ]
INFO: [ template_filter ] --END-- [ RunTime:0.000102s ]
INFO: Run Behavior\ParseTemplateBehavior [ RunTime:0.003809s ]
INFO: [ view_parse ] --END-- [ RunTime:0.003868s ]
INFO: [ view_filter ] --START--
INFO: Run Behavior\WriteHtmlCacheBehavior [ RunTime:0.000112s ]
INFO: [ view_filter ] --END-- [ RunTime:0.000163s ]
INFO: [ app_end ] --START--
INFO: Run Behavior\ShowPageTraceBehavior [ RunTime:0.000321s ]
INFO: [ app_end ] --END-- [ RunTime:0.000377s ]

