[ 2017-11-23T18:05:35+08:00 ] 121.69.16.162 /index.php/Home/Index/index
INFO: [ app_init ] --START--
INFO: Run Behavior\BuildLiteBehavior [ RunTime:0.000016s ]
INFO: [ app_init ] --END-- [ RunTime:0.000265s ]
INFO: [ app_begin ] --START--
INFO: Run Behavior\ReadHtmlCacheBehavior [ RunTime:0.000308s ]
INFO: [ app_begin ] --END-- [ RunTime:0.000373s ]
NOTIC: [2048] Accessing static property Gateway::$registerAddress as non static /usr/share/nginx/html/workmen/Application/Home/Controller/IndexController.class.php 第 11 行.
SQL: SHOW COLUMNS FROM `yz_member` [ RunTime:0.0008s ]
SQL: SELECT * FROM `yz_member`  [ RunTime:0.0002s ]
NOTIC: [8] Undefined index: user /usr/share/nginx/html/workmen/Application/Home/Controller/IndexController.class.php 第 43 行.
INFO: [ view_parse ] --START--
INFO: [ template_filter ] --START--
INFO: Run Behavior\ContentReplaceBehavior [ RunTime:0.000063s ]
INFO: [ template_filter ] --END-- [ RunTime:0.000124s ]
INFO: Run Behavior\ParseTemplateBehavior [ RunTime:0.005967s ]
INFO: [ view_parse ] --END-- [ RunTime:0.006051s ]
INFO: [ view_filter ] --START--
INFO: Run Behavior\WriteHtmlCacheBehavior [ RunTime:0.000136s ]
INFO: [ view_filter ] --END-- [ RunTime:0.000188s ]
INFO: [ app_end ] --START--
INFO: Run Behavior\ShowPageTraceBehavior [ RunTime:0.000339s ]
INFO: [ app_end ] --END-- [ RunTime:0.000417s ]

[ 2017-11-23T18:06:11+08:00 ] 121.69.16.162 /index.php/Home/Index/index
INFO: [ app_init ] --START--
INFO: Run Behavior\BuildLiteBehavior [ RunTime:0.000016s ]
INFO: [ app_init ] --END-- [ RunTime:0.000305s ]
INFO: [ app_begin ] --START--
INFO: Run Behavior\ReadHtmlCacheBehavior [ RunTime:0.000308s ]
INFO: [ app_begin ] --END-- [ RunTime:0.000385s ]
NOTIC: [2048] Accessing static property Gateway::$registerAddress as non static /usr/share/nginx/html/workmen/Application/Home/Controller/IndexController.class.php 第 11 行.
SQL: SHOW COLUMNS FROM `yz_member` [ RunTime:0.0008s ]
SQL: SELECT * FROM `yz_member`  [ RunTime:0.0002s ]
NOTIC: [8] Undefined index: user /usr/share/nginx/html/workmen/Application/Home/Controller/IndexController.class.php 第 43 行.
INFO: [ view_parse ] --START--
INFO: [ template_filter ] --START--
INFO: Run Behavior\ContentReplaceBehavior [ RunTime:0.000064s ]
INFO: [ template_filter ] --END-- [ RunTime:0.000128s ]
INFO: Run Behavior\ParseTemplateBehavior [ RunTime:0.005624s ]
INFO: [ view_parse ] --END-- [ RunTime:0.005689s ]
INFO: [ view_filter ] --START--
INFO: Run Behavior\WriteHtmlCacheBehavior [ RunTime:0.000104s ]
INFO: [ view_filter ] --END-- [ RunTime:0.000168s ]
INFO: [ app_end ] --START--
INFO: Run Behavior\ShowPageTraceBehavior [ RunTime:0.000311s ]
INFO: [ app_end ] --END-- [ RunTime:0.000372s ]

[ 2017-11-23T18:08:41+08:00 ] 121.69.16.162 /index.php/Home/Index/index
INFO: [ app_init ] --START--
INFO: Run Behavior\BuildLiteBehavior [ RunTime:0.000017s ]
INFO: [ app_init ] --END-- [ RunTime:0.000260s ]
INFO: [ app_begin ] --START--
INFO: Run Behavior\ReadHtmlCacheBehavior [ RunTime:0.000307s ]
INFO: [ app_begin ] --END-- [ RunTime:0.000372s ]
NOTIC: [2048] Accessing static property Gateway::$registerAddress as non static /usr/share/nginx/html/workmen/Application/Home/Controller/IndexController.class.php 第 11 行.
SQL: SHOW COLUMNS FROM `yz_member` [ RunTime:0.0008s ]
SQL: SELECT * FROM `yz_member`  [ RunTime:0.0002s ]
NOTIC: [8] Undefined index: user /usr/share/nginx/html/workmen/Application/Home/Controller/IndexController.class.php 第 43 行.
INFO: [ view_parse ] --START--
INFO: [ template_filter ] --START--
INFO: Run Behavior\ContentReplaceBehavior [ RunTime:0.000062s ]
INFO: [ template_filter ] --END-- [ RunTime:0.000124s ]
INFO: Run Behavior\ParseTemplateBehavior [ RunTime:0.005587s ]
INFO: [ view_parse ] --END-- [ RunTime:0.005648s ]
INFO: [ view_filter ] --START--
INFO: Run Behavior\WriteHtmlCacheBehavior [ RunTime:0.000120s ]
INFO: [ view_filter ] --END-- [ RunTime:0.000172s ]
INFO: [ app_end ] --START--
INFO: Run Behavior\ShowPageTraceBehavior [ RunTime:0.000315s ]
INFO: [ app_end ] --END-- [ RunTime:0.000376s ]

[ 2017-11-23T18:16:33+08:00 ] 121.69.16.162 /index.php/Home/Index/index
INFO: [ app_init ] --START--
INFO: Run Behavior\BuildLiteBehavior [ RunTime:0.000016s ]
INFO: [ app_init ] --END-- [ RunTime:0.000269s ]
INFO: [ app_begin ] --START--
INFO: Run Behavior\ReadHtmlCacheBehavior [ RunTime:0.000295s ]
INFO: [ app_begin ] --END-- [ RunTime:0.000358s ]
NOTIC: [2048] Accessing static property Gateway::$registerAddress as non static /usr/share/nginx/html/workmen/Application/Home/Controller/IndexController.class.php 第 11 行.
SQL: SHOW COLUMNS FROM `yz_member` [ RunTime:0.0008s ]
SQL: SELECT * FROM `yz_member`  [ RunTime:0.0002s ]
NOTIC: [8] Undefined index: user /usr/share/nginx/html/workmen/Application/Home/Controller/IndexController.class.php 第 43 行.
INFO: [ view_parse ] --START--
INFO: [ template_filter ] --START--
INFO: Run Behavior\ContentReplaceBehavior [ RunTime:0.000049s ]
INFO: [ template_filter ] --END-- [ RunTime:0.000108s ]
INFO: Run Behavior\ParseTemplateBehavior [ RunTime:0.005456s ]
INFO: [ view_parse ] --END-- [ RunTime:0.005515s ]
INFO: [ view_filter ] --START--
INFO: Run Behavior\WriteHtmlCacheBehavior [ RunTime:0.000115s ]
INFO: [ view_filter ] --END-- [ RunTime:0.000173s ]
INFO: [ app_end ] --START--
INFO: Run Behavior\ShowPageTraceBehavior [ RunTime:0.000300s ]
INFO: [ app_end ] --END-- [ RunTime:0.000361s ]

[ 2017-11-23T18:16:33+08:00 ] 121.69.16.162 /index.php/Home/Index/bind.html
INFO: [ app_init ] --START--
INFO: Run Behavior\BuildLiteBehavior [ RunTime:0.000015s ]
INFO: [ app_init ] --END-- [ RunTime:0.000252s ]
INFO: [ app_begin ] --START--
INFO: Run Behavior\ReadHtmlCacheBehavior [ RunTime:0.000287s ]
INFO: [ app_begin ] --END-- [ RunTime:0.000344s ]
NOTIC: [2048] Accessing static property Gateway::$registerAddress as non static /usr/share/nginx/html/workmen/Application/Home/Controller/IndexController.class.php 第 11 行.
NOTIC: [2048] Accessing static property Gateway::$registerAddress as non static /usr/share/nginx/html/workmen/Application/Home/Controller/IndexController.class.php 第 60 行.
INFO: [ app_end ] --START--
INFO: Run Behavior\ShowPageTraceBehavior [ RunTime:0.000302s ]
INFO: [ app_end ] --END-- [ RunTime:0.000359s ]

[ 2017-11-23T18:16:47+08:00 ] 121.69.16.162 /index.php/Home/Index/index
INFO: [ app_init ] --START--
INFO: Run Behavior\BuildLiteBehavior [ RunTime:0.000015s ]
INFO: [ app_init ] --END-- [ RunTime:0.000252s ]
INFO: [ app_begin ] --START--
INFO: Run Behavior\ReadHtmlCacheBehavior [ RunTime:0.000320s ]
INFO: [ app_begin ] --END-- [ RunTime:0.000382s ]
NOTIC: [2048] Accessing static property Gateway::$registerAddress as non static /usr/share/nginx/html/workmen/Application/Home/Controller/IndexController.class.php 第 11 行.
SQL: SHOW COLUMNS FROM `yz_member` [ RunTime:0.0007s ]
SQL: SELECT * FROM `yz_member`  [ RunTime:0.0002s ]
NOTIC: [8] Undefined index: user /usr/share/nginx/html/workmen/Application/Home/Controller/IndexController.class.php 第 43 行.
INFO: [ view_parse ] --START--
INFO: [ template_filter ] --START--
INFO: Run Behavior\ContentReplaceBehavior [ RunTime:0.000049s ]
INFO: [ template_filter ] --END-- [ RunTime:0.000108s ]
INFO: Run Behavior\ParseTemplateBehavior [ RunTime:0.005555s ]
INFO: [ view_parse ] --END-- [ RunTime:0.005616s ]
INFO: [ view_filter ] --START--
INFO: Run Behavior\WriteHtmlCacheBehavior [ RunTime:0.000099s ]
INFO: [ view_filter ] --END-- [ RunTime:0.000150s ]
INFO: [ app_end ] --START--
INFO: Run Behavior\ShowPageTraceBehavior [ RunTime:0.000317s ]
INFO: [ app_end ] --END-- [ RunTime:0.000376s ]

[ 2017-11-23T18:16:48+08:00 ] 121.69.16.162 /index.php/Home/Index/bind.html
INFO: [ app_init ] --START--
INFO: Run Behavior\BuildLiteBehavior [ RunTime:0.000016s ]
INFO: [ app_init ] --END-- [ RunTime:0.000289s ]
INFO: [ app_begin ] --START--
INFO: Run Behavior\ReadHtmlCacheBehavior [ RunTime:0.000293s ]
INFO: [ app_begin ] --END-- [ RunTime:0.000351s ]
NOTIC: [2048] Accessing static property Gateway::$registerAddress as non static /usr/share/nginx/html/workmen/Application/Home/Controller/IndexController.class.php 第 11 行.
NOTIC: [2048] Accessing static property Gateway::$registerAddress as non static /usr/share/nginx/html/workmen/Application/Home/Controller/IndexController.class.php 第 60 行.
INFO: [ app_end ] --START--
INFO: Run Behavior\ShowPageTraceBehavior [ RunTime:0.000327s ]
INFO: [ app_end ] --END-- [ RunTime:0.000391s ]

[ 2017-11-23T18:16:50+08:00 ] 121.69.16.162 /Public/chat/undefined
INFO: [ app_init ] --START--
INFO: Run Behavior\BuildLiteBehavior [ RunTime:0.000015s ]
INFO: [ app_init ] --END-- [ RunTime:0.000261s ]
INFO: [ app_begin ] --START--
INFO: Run Behavior\ReadHtmlCacheBehavior [ RunTime:0.000299s ]
INFO: [ app_begin ] --END-- [ RunTime:0.000363s ]
NOTIC: [2048] Accessing static property Gateway::$registerAddress as non static /usr/share/nginx/html/workmen/Application/Home/Controller/IndexController.class.php 第 11 行.
SQL: SHOW COLUMNS FROM `yz_member` [ RunTime:0.0008s ]
SQL: SELECT * FROM `yz_member`  [ RunTime:0.0002s ]
NOTIC: [8] Undefined index: user /usr/share/nginx/html/workmen/Application/Home/Controller/IndexController.class.php 第 43 行.
INFO: [ view_parse ] --START--
INFO: [ template_filter ] --START--
INFO: Run Behavior\ContentReplaceBehavior [ RunTime:0.000056s ]
INFO: [ template_filter ] --END-- [ RunTime:0.000116s ]
INFO: Run Behavior\ParseTemplateBehavior [ RunTime:0.005493s ]
INFO: [ view_parse ] --END-- [ RunTime:0.005554s ]
INFO: [ view_filter ] --START--
INFO: Run Behavior\WriteHtmlCacheBehavior [ RunTime:0.000119s ]
INFO: [ view_filter ] --END-- [ RunTime:0.000170s ]
INFO: [ app_end ] --START--
INFO: Run Behavior\ShowPageTraceBehavior [ RunTime:0.000303s ]
INFO: [ app_end ] --END-- [ RunTime:0.000362s ]

[ 2017-11-23T18:16:51+08:00 ] 121.69.16.162 /index.php/Home/Index/send_message.html
INFO: [ app_init ] --START--
INFO: Run Behavior\BuildLiteBehavior [ RunTime:0.000015s ]
INFO: [ app_init ] --END-- [ RunTime:0.000257s ]
INFO: [ app_begin ] --START--
INFO: Run Behavior\ReadHtmlCacheBehavior [ RunTime:0.000318s ]
INFO: [ app_begin ] --END-- [ RunTime:0.000375s ]
NOTIC: [2048] Accessing static property Gateway::$registerAddress as non static /usr/share/nginx/html/workmen/Application/Home/Controller/IndexController.class.php 第 11 行.
NOTIC: [2048] Accessing static property Gateway::$registerAddress as non static /usr/share/nginx/html/workmen/Application/Home/Controller/IndexController.class.php 第 69 行.
INFO: [ app_end ] --START--
INFO: Run Behavior\ShowPageTraceBehavior [ RunTime:0.000315s ]
INFO: [ app_end ] --END-- [ RunTime:0.000377s ]

[ 2017-11-23T18:16:58+08:00 ] 121.69.16.162 /index.php/Home/Index/send_message.html
INFO: [ app_init ] --START--
INFO: Run Behavior\BuildLiteBehavior [ RunTime:0.000016s ]
INFO: [ app_init ] --END-- [ RunTime:0.000264s ]
INFO: [ app_begin ] --START--
INFO: Run Behavior\ReadHtmlCacheBehavior [ RunTime:0.000315s ]
INFO: [ app_begin ] --END-- [ RunTime:0.000373s ]
NOTIC: [2048] Accessing static property Gateway::$registerAddress as non static /usr/share/nginx/html/workmen/Application/Home/Controller/IndexController.class.php 第 11 行.
NOTIC: [2048] Accessing static property Gateway::$registerAddress as non static /usr/share/nginx/html/workmen/Application/Home/Controller/IndexController.class.php 第 69 行.
INFO: [ app_end ] --START--
INFO: Run Behavior\ShowPageTraceBehavior [ RunTime:0.000357s ]
INFO: [ app_end ] --END-- [ RunTime:0.000419s ]

[ 2017-11-23T18:17:00+08:00 ] 121.69.16.162 /Public/chat/undefined
INFO: [ app_init ] --START--
INFO: Run Behavior\BuildLiteBehavior [ RunTime:0.000015s ]
INFO: [ app_init ] --END-- [ RunTime:0.000284s ]
INFO: [ app_begin ] --START--
INFO: Run Behavior\ReadHtmlCacheBehavior [ RunTime:0.000294s ]
INFO: [ app_begin ] --END-- [ RunTime:0.000356s ]
NOTIC: [2048] Accessing static property Gateway::$registerAddress as non static /usr/share/nginx/html/workmen/Application/Home/Controller/IndexController.class.php 第 11 行.
SQL: SHOW COLUMNS FROM `yz_member` [ RunTime:0.0008s ]
SQL: SELECT * FROM `yz_member`  [ RunTime:0.0002s ]
NOTIC: [8] Undefined index: user /usr/share/nginx/html/workmen/Application/Home/Controller/IndexController.class.php 第 43 行.
INFO: [ view_parse ] --START--
INFO: [ template_filter ] --START--
INFO: Run Behavior\ContentReplaceBehavior [ RunTime:0.000051s ]
INFO: [ template_filter ] --END-- [ RunTime:0.000111s ]
INFO: Run Behavior\ParseTemplateBehavior [ RunTime:0.005583s ]
INFO: [ view_parse ] --END-- [ RunTime:0.005652s ]
INFO: [ view_filter ] --START--
INFO: Run Behavior\WriteHtmlCacheBehavior [ RunTime:0.000106s ]
INFO: [ view_filter ] --END-- [ RunTime:0.000157s ]
INFO: [ app_end ] --START--
INFO: Run Behavior\ShowPageTraceBehavior [ RunTime:0.000325s ]
INFO: [ app_end ] --END-- [ RunTime:0.000385s ]

[ 2017-11-23T18:17:00+08:00 ] 121.69.16.162 /Public/chat/undefined
INFO: [ app_init ] --START--
INFO: Run Behavior\BuildLiteBehavior [ RunTime:0.000015s ]
INFO: [ app_init ] --END-- [ RunTime:0.000249s ]
INFO: [ app_begin ] --START--
INFO: Run Behavior\ReadHtmlCacheBehavior [ RunTime:0.000319s ]
INFO: [ app_begin ] --END-- [ RunTime:0.000384s ]
NOTIC: [2048] Accessing static property Gateway::$registerAddress as non static /usr/share/nginx/html/workmen/Application/Home/Controller/IndexController.class.php 第 11 行.
SQL: SHOW COLUMNS FROM `yz_member` [ RunTime:0.0006s ]
SQL: SELECT * FROM `yz_member`  [ RunTime:0.0002s ]
NOTIC: [8] Undefined index: user /usr/share/nginx/html/workmen/Application/Home/Controller/IndexController.class.php 第 43 行.
INFO: [ view_parse ] --START--
INFO: [ template_filter ] --START--
INFO: Run Behavior\ContentReplaceBehavior [ RunTime:0.000059s ]
INFO: [ template_filter ] --END-- [ RunTime:0.000121s ]
INFO: Run Behavior\ParseTemplateBehavior [ RunTime:0.005521s ]
INFO: [ view_parse ] --END-- [ RunTime:0.005582s ]
INFO: [ view_filter ] --START--
INFO: Run Behavior\WriteHtmlCacheBehavior [ RunTime:0.000116s ]
INFO: [ view_filter ] --END-- [ RunTime:0.000169s ]
INFO: [ app_end ] --START--
INFO: Run Behavior\ShowPageTraceBehavior [ RunTime:0.000305s ]
INFO: [ app_end ] --END-- [ RunTime:0.000372s ]

[ 2017-11-23T18:17:10+08:00 ] 121.69.16.162 /Public/chat/undefined
INFO: [ app_init ] --START--
INFO: Run Behavior\BuildLiteBehavior [ RunTime:0.000015s ]
INFO: [ app_init ] --END-- [ RunTime:0.000244s ]
INFO: [ app_begin ] --START--
INFO: Run Behavior\ReadHtmlCacheBehavior [ RunTime:0.000318s ]
INFO: [ app_begin ] --END-- [ RunTime:0.000382s ]
NOTIC: [2048] Accessing static property Gateway::$registerAddress as non static /usr/share/nginx/html/workmen/Application/Home/Controller/IndexController.class.php 第 11 行.
SQL: SHOW COLUMNS FROM `yz_member` [ RunTime:0.0007s ]
SQL: SELECT * FROM `yz_member`  [ RunTime:0.0012s ]
NOTIC: [8] Undefined index: user /usr/share/nginx/html/workmen/Application/Home/Controller/IndexController.class.php 第 43 行.
INFO: [ view_parse ] --START--
INFO: [ template_filter ] --START--
INFO: Run Behavior\ContentReplaceBehavior [ RunTime:0.000051s ]
INFO: [ template_filter ] --END-- [ RunTime:0.000109s ]
INFO: Run Behavior\ParseTemplateBehavior [ RunTime:0.005496s ]
INFO: [ view_parse ] --END-- [ RunTime:0.005556s ]
INFO: [ view_filter ] --START--
INFO: Run Behavior\WriteHtmlCacheBehavior [ RunTime:0.000099s ]
INFO: [ view_filter ] --END-- [ RunTime:0.000149s ]
INFO: [ app_end ] --START--
INFO: Run Behavior\ShowPageTraceBehavior [ RunTime:0.000317s ]
INFO: [ app_end ] --END-- [ RunTime:0.000389s ]

[ 2017-11-23T18:17:10+08:00 ] 121.69.16.162 /Public/chat/undefined
INFO: [ app_init ] --START--
INFO: Run Behavior\BuildLiteBehavior [ RunTime:0.000016s ]
INFO: [ app_init ] --END-- [ RunTime:0.000278s ]
INFO: [ app_begin ] --START--
INFO: Run Behavior\ReadHtmlCacheBehavior [ RunTime:0.000292s ]
INFO: [ app_begin ] --END-- [ RunTime:0.000354s ]
NOTIC: [2048] Accessing static property Gateway::$registerAddress as non static /usr/share/nginx/html/workmen/Application/Home/Controller/IndexController.class.php 第 11 行.
SQL: SHOW COLUMNS FROM `yz_member` [ RunTime:0.0005s ]
SQL: SELECT * FROM `yz_member`  [ RunTime:0.0076s ]
NOTIC: [8] Undefined index: user /usr/share/nginx/html/workmen/Application/Home/Controller/IndexController.class.php 第 43 行.
INFO: [ view_parse ] --START--
INFO: [ template_filter ] --START--
INFO: Run Behavior\ContentReplaceBehavior [ RunTime:0.000047s ]
INFO: [ template_filter ] --END-- [ RunTime:0.000107s ]
INFO: Run Behavior\ParseTemplateBehavior [ RunTime:0.005522s ]
INFO: [ view_parse ] --END-- [ RunTime:0.005598s ]
INFO: [ view_filter ] --START--
INFO: Run Behavior\WriteHtmlCacheBehavior [ RunTime:0.000105s ]
INFO: [ view_filter ] --END-- [ RunTime:0.000155s ]
INFO: [ app_end ] --START--
INFO: Run Behavior\ShowPageTraceBehavior [ RunTime:0.000297s ]
INFO: [ app_end ] --END-- [ RunTime:0.000355s ]

[ 2017-11-23T18:17:11+08:00 ] 121.69.16.162 /index.php/Home/Index/send_message.html
INFO: [ app_init ] --START--
INFO: Run Behavior\BuildLiteBehavior [ RunTime:0.000016s ]
INFO: [ app_init ] --END-- [ RunTime:0.000254s ]
INFO: [ app_begin ] --START--
INFO: Run Behavior\ReadHtmlCacheBehavior [ RunTime:0.000311s ]
INFO: [ app_begin ] --END-- [ RunTime:0.000370s ]
NOTIC: [2048] Accessing static property Gateway::$registerAddress as non static /usr/share/nginx/html/workmen/Application/Home/Controller/IndexController.class.php 第 11 行.
NOTIC: [2048] Accessing static property Gateway::$registerAddress as non static /usr/share/nginx/html/workmen/Application/Home/Controller/IndexController.class.php 第 69 行.
INFO: [ app_end ] --START--
INFO: Run Behavior\ShowPageTraceBehavior [ RunTime:0.000340s ]
INFO: [ app_end ] --END-- [ RunTime:0.000404s ]

[ 2017-11-23T18:17:16+08:00 ] 121.69.16.162 /index.php/Home/Index/send_message.html
INFO: [ app_init ] --START--
INFO: Run Behavior\BuildLiteBehavior [ RunTime:0.000015s ]
INFO: [ app_init ] --END-- [ RunTime:0.000257s ]
INFO: [ app_begin ] --START--
INFO: Run Behavior\ReadHtmlCacheBehavior [ RunTime:0.000292s ]
INFO: [ app_begin ] --END-- [ RunTime:0.000348s ]
NOTIC: [2048] Accessing static property Gateway::$registerAddress as non static /usr/share/nginx/html/workmen/Application/Home/Controller/IndexController.class.php 第 11 行.
NOTIC: [2048] Accessing static property Gateway::$registerAddress as non static /usr/share/nginx/html/workmen/Application/Home/Controller/IndexController.class.php 第 69 行.
INFO: [ app_end ] --START--
INFO: Run Behavior\ShowPageTraceBehavior [ RunTime:0.000311s ]
INFO: [ app_end ] --END-- [ RunTime:0.000372s ]

[ 2017-11-23T18:17:20+08:00 ] 121.69.16.162 /Public/chat/undefined
INFO: [ app_init ] --START--
INFO: Run Behavior\BuildLiteBehavior [ RunTime:0.000015s ]
INFO: [ app_init ] --END-- [ RunTime:0.000267s ]
INFO: [ app_begin ] --START--
INFO: Run Behavior\ReadHtmlCacheBehavior [ RunTime:0.000282s ]
INFO: [ app_begin ] --END-- [ RunTime:0.000344s ]
NOTIC: [2048] Accessing static property Gateway::$registerAddress as non static /usr/share/nginx/html/workmen/Application/Home/Controller/IndexController.class.php 第 11 行.
SQL: SHOW COLUMNS FROM `yz_member` [ RunTime:0.0007s ]
SQL: SELECT * FROM `yz_member`  [ RunTime:0.0002s ]
NOTIC: [8] Undefined index: user /usr/share/nginx/html/workmen/Application/Home/Controller/IndexController.class.php 第 43 行.
INFO: [ view_parse ] --START--
INFO: [ template_filter ] --START--
INFO: Run Behavior\ContentReplaceBehavior [ RunTime:0.000050s ]
INFO: [ template_filter ] --END-- [ RunTime:0.000109s ]
INFO: Run Behavior\ParseTemplateBehavior [ RunTime:0.005501s ]
INFO: [ view_parse ] --END-- [ RunTime:0.005577s ]
INFO: [ view_filter ] --START--
INFO: Run Behavior\WriteHtmlCacheBehavior [ RunTime:0.000109s ]
INFO: [ view_filter ] --END-- [ RunTime:0.000160s ]
INFO: [ app_end ] --START--
INFO: Run Behavior\ShowPageTraceBehavior [ RunTime:0.000300s ]
INFO: [ app_end ] --END-- [ RunTime:0.000357s ]

[ 2017-11-23T18:17:20+08:00 ] 121.69.16.162 /Public/chat/undefined
INFO: [ app_init ] --START--
INFO: Run Behavior\BuildLiteBehavior [ RunTime:0.000015s ]
INFO: [ app_init ] --END-- [ RunTime:0.000256s ]
INFO: [ app_begin ] --START--
INFO: Run Behavior\ReadHtmlCacheBehavior [ RunTime:0.000315s ]
INFO: [ app_begin ] --END-- [ RunTime:0.000379s ]
NOTIC: [2048] Accessing static property Gateway::$registerAddress as non static /usr/share/nginx/html/workmen/Application/Home/Controller/IndexController.class.php 第 11 行.
SQL: SHOW COLUMNS FROM `yz_member` [ RunTime:0.0006s ]
SQL: SELECT * FROM `yz_member`  [ RunTime:0.0002s ]
NOTIC: [8] Undefined index: user /usr/share/nginx/html/workmen/Application/Home/Controller/IndexController.class.php 第 43 行.
INFO: [ view_parse ] --START--
INFO: [ template_filter ] --START--
INFO: Run Behavior\ContentReplaceBehavior [ RunTime:0.000050s ]
INFO: [ template_filter ] --END-- [ RunTime:0.000109s ]
INFO: Run Behavior\ParseTemplateBehavior [ RunTime:0.005476s ]
INFO: [ view_parse ] --END-- [ RunTime:0.005537s ]
INFO: [ view_filter ] --START--
INFO: Run Behavior\WriteHtmlCacheBehavior [ RunTime:0.000099s ]
INFO: [ view_filter ] --END-- [ RunTime:0.000150s ]
INFO: [ app_end ] --START--
INFO: Run Behavior\ShowPageTraceBehavior [ RunTime:0.000315s ]
INFO: [ app_end ] --END-- [ RunTime:0.000374s ]

[ 2017-11-23T18:17:30+08:00 ] 121.69.16.162 /Public/chat/undefined
INFO: [ app_init ] --START--
INFO: Run Behavior\BuildLiteBehavior [ RunTime:0.000014s ]
INFO: [ app_init ] --END-- [ RunTime:0.000255s ]
INFO: [ app_begin ] --START--
INFO: Run Behavior\ReadHtmlCacheBehavior [ RunTime:0.000286s ]
INFO: [ app_begin ] --END-- [ RunTime:0.000349s ]
NOTIC: [2048] Accessing static property Gateway::$registerAddress as non static /usr/share/nginx/html/workmen/Application/Home/Controller/IndexController.class.php 第 11 行.
SQL: SHOW COLUMNS FROM `yz_member` [ RunTime:0.0008s ]
SQL: SELECT * FROM `yz_member`  [ RunTime:0.0002s ]
NOTIC: [8] Undefined index: user /usr/share/nginx/html/workmen/Application/Home/Controller/IndexController.class.php 第 43 行.
INFO: [ view_parse ] --START--
INFO: [ template_filter ] --START--
INFO: Run Behavior\ContentReplaceBehavior [ RunTime:0.000050s ]
INFO: [ template_filter ] --END-- [ RunTime:0.000109s ]
INFO: Run Behavior\ParseTemplateBehavior [ RunTime:0.005498s ]
INFO: [ view_parse ] --END-- [ RunTime:0.005558s ]
INFO: [ view_filter ] --START--
INFO: Run Behavior\WriteHtmlCacheBehavior [ RunTime:0.000098s ]
INFO: [ view_filter ] --END-- [ RunTime:0.000149s ]
INFO: [ app_end ] --START--
INFO: Run Behavior\ShowPageTraceBehavior [ RunTime:0.000301s ]
INFO: [ app_end ] --END-- [ RunTime:0.000358s ]

[ 2017-11-23T18:17:30+08:00 ] 121.69.16.162 /Public/chat/undefined
INFO: [ app_init ] --START--
INFO: Run Behavior\BuildLiteBehavior [ RunTime:0.000016s ]
INFO: [ app_init ] --END-- [ RunTime:0.000254s ]
INFO: [ app_begin ] --START--
INFO: Run Behavior\ReadHtmlCacheBehavior [ RunTime:0.000293s ]
INFO: [ app_begin ] --END-- [ RunTime:0.000357s ]
NOTIC: [2048] Accessing static property Gateway::$registerAddress as non static /usr/share/nginx/html/workmen/Application/Home/Controller/IndexController.class.php 第 11 行.
SQL: SHOW COLUMNS FROM `yz_member` [ RunTime:0.0005s ]
SQL: SELECT * FROM `yz_member`  [ RunTime:0.0002s ]
NOTIC: [8] Undefined index: user /usr/share/nginx/html/workmen/Application/Home/Controller/IndexController.class.php 第 43 行.
INFO: [ view_parse ] --START--
INFO: [ template_filter ] --START--
INFO: Run Behavior\ContentReplaceBehavior [ RunTime:0.000056s ]
INFO: [ template_filter ] --END-- [ RunTime:0.000138s ]
INFO: Run Behavior\ParseTemplateBehavior [ RunTime:0.005464s ]
INFO: [ view_parse ] --END-- [ RunTime:0.005524s ]
INFO: [ view_filter ] --START--
INFO: Run Behavior\WriteHtmlCacheBehavior [ RunTime:0.000099s ]
INFO: [ view_filter ] --END-- [ RunTime:0.000149s ]
INFO: [ app_end ] --START--
INFO: Run Behavior\ShowPageTraceBehavior [ RunTime:0.000311s ]
INFO: [ app_end ] --END-- [ RunTime:0.000413s ]

[ 2017-11-23T18:17:40+08:00 ] 121.69.16.162 /Public/chat/undefined
INFO: [ app_init ] --START--
INFO: Run Behavior\BuildLiteBehavior [ RunTime:0.000016s ]
INFO: [ app_init ] --END-- [ RunTime:0.000274s ]
INFO: [ app_begin ] --START--
INFO: Run Behavior\ReadHtmlCacheBehavior [ RunTime:0.000293s ]
INFO: [ app_begin ] --END-- [ RunTime:0.000358s ]
NOTIC: [2048] Accessing static property Gateway::$registerAddress as non static /usr/share/nginx/html/workmen/Application/Home/Controller/IndexController.class.php 第 11 行.
SQL: SHOW COLUMNS FROM `yz_member` [ RunTime:0.0007s ]
SQL: SELECT * FROM `yz_member`  [ RunTime:0.0002s ]
NOTIC: [8] Undefined index: user /usr/share/nginx/html/workmen/Application/Home/Controller/IndexController.class.php 第 43 行.
INFO: [ view_parse ] --START--
INFO: [ template_filter ] --START--
INFO: Run Behavior\ContentReplaceBehavior [ RunTime:0.000051s ]
INFO: [ template_filter ] --END-- [ RunTime:0.000111s ]
INFO: Run Behavior\ParseTemplateBehavior [ RunTime:0.005580s ]
INFO: [ view_parse ] --END-- [ RunTime:0.005640s ]
INFO: [ view_filter ] --START--
INFO: Run Behavior\WriteHtmlCacheBehavior [ RunTime:0.000105s ]
INFO: [ view_filter ] --END-- [ RunTime:0.000157s ]
INFO: [ app_end ] --START--
INFO: Run Behavior\ShowPageTraceBehavior [ RunTime:0.000304s ]
INFO: [ app_end ] --END-- [ RunTime:0.000362s ]

[ 2017-11-23T18:17:40+08:00 ] 121.69.16.162 /Public/chat/undefined
INFO: [ app_init ] --START--
INFO: Run Behavior\BuildLiteBehavior [ RunTime:0.000015s ]
INFO: [ app_init ] --END-- [ RunTime:0.000260s ]
INFO: [ app_begin ] --START--
INFO: Run Behavior\ReadHtmlCacheBehavior [ RunTime:0.000288s ]
INFO: [ app_begin ] --END-- [ RunTime:0.000351s ]
NOTIC: [2048] Accessing static property Gateway::$registerAddress as non static /usr/share/nginx/html/workmen/Application/Home/Controller/IndexController.class.php 第 11 行.
SQL: SHOW COLUMNS FROM `yz_member` [ RunTime:0.0006s ]
SQL: SELECT * FROM `yz_member`  [ RunTime:0.0002s ]
NOTIC: [8] Undefined index: user /usr/share/nginx/html/workmen/Application/Home/Controller/IndexController.class.php 第 43 行.
INFO: [ view_parse ] --START--
INFO: [ template_filter ] --START--
INFO: Run Behavior\ContentReplaceBehavior [ RunTime:0.000050s ]
INFO: [ template_filter ] --END-- [ RunTime:0.000120s ]
INFO: Run Behavior\ParseTemplateBehavior [ RunTime:0.005509s ]
INFO: [ view_parse ] --END-- [ RunTime:0.005570s ]
INFO: [ view_filter ] --START--
INFO: Run Behavior\WriteHtmlCacheBehavior [ RunTime:0.000100s ]
INFO: [ view_filter ] --END-- [ RunTime:0.000152s ]
INFO: [ app_end ] --START--
INFO: Run Behavior\ShowPageTraceBehavior [ RunTime:0.000315s ]
INFO: [ app_end ] --END-- [ RunTime:0.000376s ]

